2026-07-21 10:04:29 INFO  [ConfigReader] - Loading config.properties file
2026-07-21 10:04:29 INFO  [ConfigReader] - Configuration loaded successfully
2026-07-21 10:04:29 INFO  [ConfigReader] - Property Read : browser = chrome
2026-07-21 10:04:29 INFO  [DriverFactory] - Requested Browser : chrome
2026-07-21 10:04:29 INFO  [DriverFactory] - Launching Chrome Browser
2026-07-21 10:04:33 INFO  [DriverFactory] - Chrome Browser Launched Successfully
2026-07-21 10:04:33 INFO  [ConfigReader] - Property Read : url = https://www.practo.com/
2026-07-21 10:04:51 INFO  [SearchPage] - Total Hospitals Found : 10
2026-07-21 10:04:51 INFO  [SearchPage] - Hospital Found : Manipal Hospital Varthur Road (formerly Columbia Asia Hospital)
2026-07-21 10:04:56 INFO  [SearchPage] - Hospital Rating : 4.0
2026-07-21 10:04:56 INFO  [SearchPage] - Hospital Rating above 3.5 : Manipal Hospital Varthur Road (formerly Columbia Asia Hospital)
2026-07-21 10:04:57 INFO  [SearchPage] - Hospital Timing : Open 24 x 7
2026-07-21 10:04:57 INFO  [SearchPage] - Hospital Available 24x7 : Manipal Hospital Varthur Road (formerly Columbia Asia Hospital)
2026-07-21 10:04:57 INFO  [SearchPage] - Amenity Found : Parking
2026-07-21 10:04:57 INFO  [SearchPage] - ------------------------------------------------------------
2026-07-21 10:04:57 INFO  [SearchPage] - Hospital Found : Manipal Hospitals
2026-07-21 10:04:59 INFO  [SearchPage] - Hospital Rating : 4.5
2026-07-21 10:04:59 INFO  [SearchPage] - Hospital Rating above 3.5 : Manipal Hospitals
2026-07-21 10:04:59 INFO  [SearchPage] - Hospital Timing : Open 24 x 7
2026-07-21 10:04:59 INFO  [SearchPage] - Hospital Available 24x7 : Manipal Hospitals
2026-07-21 10:05:00 INFO  [SearchPage] - Amenity Found : Parking
2026-07-21 10:05:00 INFO  [SearchPage] - ------------------------------------------------------------
2026-07-21 10:05:00 INFO  [SearchPage] - Hospital Found : Koshys Hospital
2026-07-21 10:05:02 INFO  [SearchPage] - Hospital Rating : 4.0
2026-07-21 10:05:02 INFO  [SearchPage] - Hospital Rating above 3.5 : Koshys Hospital
2026-07-21 10:05:02 INFO  [SearchPage] - Hospital Timing : Open 24 x 7
2026-07-21 10:05:02 INFO  [SearchPage] - Hospital Available 24x7 : Koshys Hospital
2026-07-21 10:05:02 INFO  [SearchPage] - Amenity Found : Parking
2026-07-21 10:05:02 INFO  [SearchPage] - ------------------------------------------------------------
2026-07-21 10:05:02 INFO  [SearchPage] - Hospital Found : Motherhood Hospital
2026-07-21 10:05:11 INFO  [SearchPage] - Hospital Rating : 4.5
2026-07-21 10:05:11 INFO  [SearchPage] - Hospital Rating above 3.5 : Motherhood Hospital
2026-07-21 10:05:11 INFO  [SearchPage] - Hospital Timing : Open 24 x 7
2026-07-21 10:05:11 INFO  [SearchPage] - Hospital Available 24x7 : Motherhood Hospital
2026-07-21 10:05:11 INFO  [SearchPage] - Amenity Found : Parking
2026-07-21 10:05:11 INFO  [SearchPage] - ------------------------------------------------------------
2026-07-21 10:05:11 INFO  [SearchPage] - Hospital Found : Motherhood Hospital
2026-07-21 10:05:12 INFO  [SearchPage] - Hospital Rating : 4.5
2026-07-21 10:05:12 INFO  [SearchPage] - Hospital Rating above 3.5 : Motherhood Hospital
2026-07-21 10:05:12 INFO  [SearchPage] - Hospital Timing : Open 24 x 7
2026-07-21 10:05:12 INFO  [SearchPage] - Hospital Available 24x7 : Motherhood Hospital
2026-07-21 10:05:13 INFO  [SearchPage] - Amenity Found : Parking
2026-07-21 10:05:13 INFO  [SearchPage] - ------------------------------------------------------------
2026-07-21 10:05:13 INFO  [SearchPage] - Hospital Found : Sagar Hospitals
2026-07-21 10:05:14 INFO  [SearchPage] - Hospital Rating : 4.0
2026-07-21 10:05:14 INFO  [SearchPage] - Hospital Rating above 3.5 : Sagar Hospitals
2026-07-21 10:05:14 INFO  [SearchPage] - Hospital Timing : Open 24 x 7
2026-07-21 10:05:14 INFO  [SearchPage] - Hospital Available 24x7 : Sagar Hospitals
2026-07-21 10:05:14 INFO  [SearchPage] - Amenity Found : Parking
2026-07-21 10:05:14 INFO  [SearchPage] - ------------------------------------------------------------
2026-07-21 10:05:14 INFO  [SearchPage] - Hospital Found : Apollo Cradle & Children’s Hospital
2026-07-21 10:05:16 INFO  [SearchPage] - Hospital Rating : 4.5
2026-07-21 10:05:16 INFO  [SearchPage] - Hospital Rating above 3.5 : Apollo Cradle & Children’s Hospital
2026-07-21 10:05:16 INFO  [SearchPage] - Hospital Timing : Open 24 x 7
2026-07-21 10:05:16 INFO  [SearchPage] - Hospital Available 24x7 : Apollo Cradle & Children’s Hospital
2026-07-21 10:05:16 INFO  [SearchPage] - Amenity Found : Parking
2026-07-21 10:05:16 INFO  [SearchPage] - ------------------------------------------------------------
2026-07-21 10:05:16 INFO  [SearchPage] - Hospital Found : Manipal Hospital
2026-07-21 10:05:17 INFO  [SearchPage] - Hospital Rating : 3.5
2026-07-21 10:05:17 INFO  [SearchPage] - Hospital Rating above 3.5 : Manipal Hospital
2026-07-21 10:05:17 INFO  [SearchPage] - Hospital Timing : Open 24 x 7
2026-07-21 10:05:17 INFO  [SearchPage] - Hospital Available 24x7 : Manipal Hospital
2026-07-21 10:05:17 INFO  [SearchPage] - Amenity Found : Parking
2026-07-21 10:05:18 INFO  [SearchPage] - ------------------------------------------------------------
2026-07-21 10:05:18 INFO  [SearchPage] - Hospital Found : Manipal Hospital
2026-07-21 10:05:19 INFO  [SearchPage] - Hospital Rating : 4.5
2026-07-21 10:05:19 INFO  [SearchPage] - Hospital Rating above 3.5 : Manipal Hospital
2026-07-21 10:05:19 INFO  [SearchPage] - Hospital Timing : Mon - Sun
2026-07-21 10:05:19 INFO  [SearchPage] - Amenity Found : Parking
2026-07-21 10:05:19 INFO  [SearchPage] - ------------------------------------------------------------
2026-07-21 10:05:19 INFO  [SearchPage] - Hospital Found : Cloudnine Hospital - Old Airport Road
2026-07-21 10:05:20 INFO  [SearchPage] - Hospital Rating : 4.5
2026-07-21 10:05:20 INFO  [SearchPage] - Hospital Rating above 3.5 : Cloudnine Hospital - Old Airport Road
2026-07-21 10:05:20 INFO  [SearchPage] - Hospital Timing : Open 24 x 7
2026-07-21 10:05:20 INFO  [SearchPage] - Hospital Available 24x7 : Cloudnine Hospital - Old Airport Road
2026-07-21 10:05:20 INFO  [SearchPage] - Amenity Found : Parking
2026-07-21 10:05:21 INFO  [SearchPage] - ------------------------------------------------------------
2026-07-21 10:05:23 INFO  [SearchPage] - Excel Row 1 -> Hospital: Manipal Hospital Varthur Road (formerly Columbia Asia Hospital), Rating: 4.0, Parking: Parking, Open24x7: Open 24 x 7
2026-07-21 10:05:23 INFO  [SearchPage] - Excel Row 2 -> Hospital: Manipal Hospitals, Rating: 4.5, Parking: Parking, Open24x7: Open 24 x 7
2026-07-21 10:05:24 INFO  [SearchPage] - Excel Row 3 -> Hospital: Koshys Hospital, Rating: 4.0, Parking: Parking, Open24x7: Open 24 x 7
2026-07-21 10:05:24 INFO  [SearchPage] - Excel Row 4 -> Hospital: Motherhood Hospital, Rating: 4.5, Parking: Parking, Open24x7: Open 24 x 7
2026-07-21 10:05:24 INFO  [SearchPage] - Excel Row 5 -> Hospital: Motherhood Hospital, Rating: 4.5, Parking: Parking, Open24x7: Open 24 x 7
2026-07-21 10:05:24 INFO  [SearchPage] - Excel Row 6 -> Hospital: Sagar Hospitals, Rating: 4.0, Parking: Parking, Open24x7: Open 24 x 7
2026-07-21 10:05:24 INFO  [SearchPage] - Excel Row 7 -> Hospital: Apollo Cradle & Children’s Hospital, Rating: 4.5, Parking: Parking, Open24x7: Open 24 x 7
2026-07-21 10:05:25 INFO  [SearchPage] - Excel Row 8 -> Hospital: Manipal Hospital, Rating: 3.5, Parking: Parking, Open24x7: Open 24 x 7
2026-07-21 10:05:25 INFO  [SearchPage] - Excel Row 9 -> Hospital: Cloudnine Hospital - Old Airport Road, Rating: 4.5, Parking: Parking, Open24x7: Open 24 x 7
2026-07-21 10:05:25 INFO  [SearchPage] - Hospitals Matching Criteria : 9
2026-07-21 10:05:25 INFO  [ScreenshotUtils] - Screenshot saved successfully : C:\Users\2505042\Downloads\FinalProject (2)\FinalProject\FinalProject/screenshots/verifyHospitalSearch_20260721_100525.png
2026-07-21 10:05:31 INFO  [ConfigReader] - Property Read : browser = chrome
2026-07-21 10:05:31 INFO  [DriverFactory] - Requested Browser : chrome
2026-07-21 10:05:31 INFO  [DriverFactory] - Launching Chrome Browser
2026-07-21 10:05:34 INFO  [DriverFactory] - Chrome Browser Launched Successfully
2026-07-21 10:05:34 INFO  [ConfigReader] - Property Read : url = https://www.practo.com/
2026-07-21 10:05:37 INFO  [LabTestPage] - Opening Lab Tests Section
2026-07-21 10:05:40 INFO  [LabTestPage] - Total Cities Found : 8
2026-07-21 10:05:40 INFO  [LabTestPage] - City : Bangalore
2026-07-21 10:05:40 INFO  [LabTestPage] - City : Delhi
2026-07-21 10:05:41 INFO  [LabTestPage] - City : Mumbai
2026-07-21 10:05:41 INFO  [LabTestPage] - City : Chennai
2026-07-21 10:05:41 INFO  [LabTestPage] - City : Hyderabad
2026-07-21 10:05:41 INFO  [LabTestPage] - City : Kolkata
2026-07-21 10:05:41 INFO  [LabTestPage] - City : Pune
2026-07-21 10:05:41 INFO  [LabTestPage] - City : Ahmedabad
2026-07-21 10:05:41 INFO  [ScreenshotUtils] - Screenshot saved successfully : C:\Users\2505042\Downloads\FinalProject (2)\FinalProject\FinalProject/screenshots/verifyTopCities_20260721_100541.png
2026-07-21 10:05:46 INFO  [ConfigReader] - Property Read : browser = chrome
2026-07-21 10:05:46 INFO  [DriverFactory] - Requested Browser : chrome
2026-07-21 10:05:46 INFO  [DriverFactory] - Launching Chrome Browser
2026-07-21 10:05:49 INFO  [DriverFactory] - Chrome Browser Launched Successfully
2026-07-21 10:05:49 INFO  [ConfigReader] - Property Read : url = https://www.practo.com/
2026-07-21 10:05:52 INFO  [CorporateWellness] - Opening Corporate Wellness Form
2026-07-21 10:05:57 INFO  [CorporateWellness] - Entered Name : Mrunmayee
2026-07-21 10:05:57 INFO  [CorporateWellness] - Entered Organization : Cognizant
2026-07-21 10:05:57 INFO  [CorporateWellness] - Entered Invalid Phone Number
2026-07-21 10:05:57 INFO  [CorporateWellness] - Entered Invalid Email Address
2026-07-21 10:05:57 INFO  [CorporateWellness] - Selected Organization Size
2026-07-21 10:05:58 INFO  [CorporateWellness] - Selected Taking a Demo Option
2026-07-21 10:05:58 INFO  [CorporateWellness] - Submitting Corporate Wellness Form
2026-07-21 10:05:58 INFO  [CorporateWellness] - Phone validation displayed
2026-07-21 10:05:58 INFO  [CorporateWellness] - Email validation displayed
2026-07-21 10:05:58 INFO  [ScreenshotUtils] - Screenshot saved successfully : C:\Users\2505042\Downloads\FinalProject (2)\FinalProject\FinalProject/screenshots/validateCorporateWellnessForm_20260721_100558.png
